=== 股票数据自动更新 ===
时间：2026-03-17 16:30:01

✅ 002594.SZ 比亚迪: 102.87 (-1.75, -1.67%)
✅ 01060.HK 大麦娱乐: 0.7 (+0.01, +1.45%)
✅ 601360.SH 三六零: 11.62 (-0.50, -4.13%)
✅ 000623.SZ 吉林敖东: 18.66 (+0.12, +0.65%)
✅ 601390.SH 中国中铁: 5.72 (-0.04, -0.69%)
✅ 02015.HK 理想汽车-W: 71.3 (+1.40, +2.00%)
✅ 01810.HK 小米集团-W: 35.36 (+0.16, +0.45%)
✅ 09660.HK 地平线机器人-W: 7.42 (-0.22, -2.88%)
✅ 159529.SZ 标普消费ETF: 1.316 (+0.00, +0.08%)

⚠️  2026-03-17 的数据已存在，跳过更新
✅ 更新完成
=== 股票数据自动更新 ===
时间：2026-03-18 16:30:01

✅ 002594.SZ 比亚迪: 101.69 (-1.18, -1.15%)
✅ 01060.HK 大麦娱乐: 0.71 (+0.01, +1.43%)
✅ 601360.SH 三六零: 11.91 (+0.29, +2.50%)
✅ 000623.SZ 吉林敖东: 18.58 (-0.08, -0.43%)
✅ 601390.SH 中国中铁: 5.71 (-0.01, -0.17%)
✅ 02015.HK 理想汽车-W: 66.85 (-4.45, -6.24%)
✅ 01810.HK 小米集团-W: 35.14 (-0.22, -0.62%)
✅ 09660.HK 地平线机器人-W: 7.48 (+0.06, +0.81%)
✅ 159529.SZ 标普消费ETF: 1.322 (+0.01, +0.46%)

✅ 文件已更新：/home/admin/.openclaw/workspace/memory/investment/holdings.md
✅ 更新完成
